0 info it worked if it ends with ok
1 verbose cli [ '/opt/local/bin/node',
1 verbose cli   '/opt/local/bin/npm',
1 verbose cli   'install',
1 verbose cli   '-g',
1 verbose cli   'node-inspector' ]
2 info using npm@1.2.14
3 info using node@v0.8.22
4 verbose read json /opt/local/lib/package.json
5 verbose read json /opt/local/lib/package.json
6 verbose cache add [ 'node-inspector', null ]
7 verbose cache add name=undefined spec="node-inspector" args=["node-inspector",null]
8 verbose parsed url { pathname: 'node-inspector',
8 verbose parsed url   path: 'node-inspector',
8 verbose parsed url   href: 'node-inspector' }
9 silly lockFile 4198ef9e-node-inspector node-inspector
10 verbose lock node-inspector /Users/appacademy/.npm/4198ef9e-node-inspector.lock
11 silly lockFile 4198ef9e-node-inspector node-inspector
12 silly lockFile 4198ef9e-node-inspector node-inspector
13 verbose addNamed [ 'node-inspector', '' ]
14 verbose addNamed [ null, '' ]
15 silly lockFile e68b88da-node-inspector node-inspector@
16 verbose lock node-inspector@ /Users/appacademy/.npm/e68b88da-node-inspector.lock
17 silly addNameRange { name: 'node-inspector', range: '', hasData: false }
18 verbose url raw node-inspector
19 verbose url resolving [ 'https://registry.npmjs.org/', './node-inspector' ]
20 verbose url resolved https://registry.npmjs.org/node-inspector
21 info trying registry request attempt 1 at 10:33:10
22 http GET https://registry.npmjs.org/node-inspector
23 http 200 https://registry.npmjs.org/node-inspector
24 silly registry.get cb [ 200,
24 silly registry.get   { vary: 'Accept',
24 silly registry.get     server: 'CouchDB/1.3.1 (Erlang OTP/R15B03)',
24 silly registry.get     etag: '"2L2MWGESX0C9R97O7PPOWL29B"',
24 silly registry.get     date: 'Mon, 23 Sep 2013 14:33:13 GMT',
24 silly registry.get     'content-type': 'application/json',
24 silly registry.get     'content-length': '93920' } ]
25 silly addNameRange number 2 { name: 'node-inspector', range: '', hasData: true }
26 silly addNameRange versions [ 'node-inspector',
26 silly addNameRange   [ '0.0.1',
26 silly addNameRange     '0.0.2',
26 silly addNameRange     '0.0.3',
26 silly addNameRange     '0.0.4',
26 silly addNameRange     '0.1.0',
26 silly addNameRange     '0.1.1',
26 silly addNameRange     '0.1.2',
26 silly addNameRange     '0.1.3',
26 silly addNameRange     '0.1.4',
26 silly addNameRange     '0.1.5',
26 silly addNameRange     '0.1.6',
26 silly addNameRange     '0.1.7',
26 silly addNameRange     '0.1.8',
26 silly addNameRange     '0.1.9',
26 silly addNameRange     '0.1.10',
26 silly addNameRange     '0.3.0',
26 silly addNameRange     '0.3.1',
26 silly addNameRange     '0.3.2',
26 silly addNameRange     '0.3.3',
26 silly addNameRange     '0.3.4',
26 silly addNameRange     '0.4.0',
26 silly addNameRange     '0.5.0',
26 silly addNameRange     '0.2.0-beta1',
26 silly addNameRange     '0.2.0-beta2',
26 silly addNameRange     '0.2.0-beta3',
26 silly addNameRange     '0.2.0-beta4',
26 silly addNameRange     '0.3.0-preview1' ] ]
27 verbose addNamed [ 'node-inspector', '0.5.0' ]
28 verbose addNamed [ '0.5.0', '0.5.0' ]
29 silly lockFile 92df52c1-node-inspector-0-5-0 node-inspector@0.5.0
30 verbose lock node-inspector@0.5.0 /Users/appacademy/.npm/92df52c1-node-inspector-0-5-0.lock
31 silly lockFile 6b771466-spector-node-inspector-0-5-0-tgz https://registry.npmjs.org/node-inspector/-/node-inspector-0.5.0.tgz
32 verbose lock https://registry.npmjs.org/node-inspector/-/node-inspector-0.5.0.tgz /Users/appacademy/.npm/6b771466-spector-node-inspector-0-5-0-tgz.lock
33 verbose addRemoteTarball [ 'https://registry.npmjs.org/node-inspector/-/node-inspector-0.5.0.tgz',
33 verbose addRemoteTarball   '3104821cb4d6436212331ef3f3539943fd370603' ]
34 info retry fetch attempt 1 at 10:33:11
35 verbose fetch to= /var/folders/z9/ccm9f83x2kd9_s24pz9q6x700000gn/T/npm-61779/1379946791263-0.016420199302956462/tmp.tgz
36 http GET https://registry.npmjs.org/node-inspector/-/node-inspector-0.5.0.tgz
37 http 200 https://registry.npmjs.org/node-inspector/-/node-inspector-0.5.0.tgz
38 silly shasum updated bytes 40960
39 silly shasum updated bytes 40960
40 silly shasum updated bytes 40960
41 silly shasum updated bytes 40960
42 silly shasum updated bytes 40960
43 silly shasum updated bytes 40960
44 silly shasum updated bytes 40960
45 silly shasum updated bytes 40960
46 silly shasum updated bytes 40960
47 silly shasum updated bytes 40960
48 silly shasum updated bytes 40960
49 silly shasum updated bytes 40960
50 silly shasum updated bytes 40960
51 silly shasum updated bytes 40960
52 silly shasum updated bytes 40960
53 silly shasum updated bytes 40960
54 silly shasum updated bytes 40960
55 silly shasum updated bytes 40960
56 silly shasum updated bytes 40960
57 silly shasum updated bytes 40960
58 silly shasum updated bytes 40960
59 silly shasum updated bytes 40960
60 silly shasum updated bytes 35059
61 info shasum 3104821cb4d6436212331ef3f3539943fd370603
61 info shasum /var/folders/z9/ccm9f83x2kd9_s24pz9q6x700000gn/T/npm-61779/1379946791263-0.016420199302956462/tmp.tgz
62 verbose tar unpack /var/folders/z9/ccm9f83x2kd9_s24pz9q6x700000gn/T/npm-61779/1379946791263-0.016420199302956462/tmp.tgz
63 silly lockFile 32e71b50-263-0-016420199302956462-package /var/folders/z9/ccm9f83x2kd9_s24pz9q6x700000gn/T/npm-61779/1379946791263-0.016420199302956462/package
64 verbose lock /var/folders/z9/ccm9f83x2kd9_s24pz9q6x700000gn/T/npm-61779/1379946791263-0.016420199302956462/package /Users/appacademy/.npm/32e71b50-263-0-016420199302956462-package.lock
65 silly lockFile 6c5e2ea8-263-0-016420199302956462-tmp-tgz /var/folders/z9/ccm9f83x2kd9_s24pz9q6x700000gn/T/npm-61779/1379946791263-0.016420199302956462/tmp.tgz
66 verbose lock /var/folders/z9/ccm9f83x2kd9_s24pz9q6x700000gn/T/npm-61779/1379946791263-0.016420199302956462/tmp.tgz /Users/appacademy/.npm/6c5e2ea8-263-0-016420199302956462-tmp-tgz.lock
67 silly gunzTarPerm modes [ '755', '644' ]
68 silly gunzTarPerm extractEntry package.json
69 silly gunzTarPerm extractEntry LICENSE
70 silly gunzTarPerm extractEntry index.js
71 silly gunzTarPerm extractEntry docs/embedding.md
72 silly gunzTarPerm extractEntry MAINTAINERS.md
73 silly gunzTarPerm extractEntry bin/inspector.js
74 silly gunzTarPerm extractEntry config.json
75 silly gunzTarPerm extractEntry AUTHORS
76 silly gunzTarPerm extractEntry front-end/AdvancedSearchController.js
77 silly gunzTarPerm extractEntry front-end/Linkifier.js
78 silly gunzTarPerm extractEntry front-end/LiveEditSupport.js
79 silly gunzTarPerm extractEntry front-end/MemoryStatistics.js
80 silly gunzTarPerm extractEntry front-end/MetricsSidebarPane.js
81 silly gunzTarPerm extractEntry front-end/LayersPanelDescriptor.js
82 silly gunzTarPerm extractEntry front-end/NavigatorOverlayController.js
83 silly gunzTarPerm extractEntry front-end/NavigatorView.js
84 silly gunzTarPerm extractEntry front-end/NetworkItemView.js
85 silly gunzTarPerm extractEntry front-end/NetworkLog.js
86 silly gunzTarPerm extractEntry front-end/NetworkManager.js
87 silly gunzTarPerm extractEntry front-end/LayersPanel.js
88 silly gunzTarPerm extractEntry front-end/NetworkPanel.js
89 silly gunzTarPerm extractEntry front-end/Layers3DView.js
90 silly gunzTarPerm extractEntry front-end/NetworkPanelDescriptor.js
91 silly gunzTarPerm extractEntry front-end/LayerTreeModel.js
92 silly gunzTarPerm extractEntry front-end/NetworkRequest.js
93 silly gunzTarPerm extractEntry front-end/LayerTree.js
94 silly gunzTarPerm extractEntry front-end/NetworkUISourceCodeProvider.js
95 silly gunzTarPerm extractEntry front-end/LayerDetailsView.js
96 silly gunzTarPerm extractEntry front-end/jsdifflib.js
97 silly gunzTarPerm extractEntry front-end/KeyboardShortcut.js
98 silly gunzTarPerm extractEntry front-end/Object.js
99 silly gunzTarPerm extractEntry front-end/JavaScriptSourceFrame.js
100 silly gunzTarPerm extractEntry front-end/ObjectPopoverHelper.js
101 silly gunzTarPerm extractEntry front-end/JavaScriptFormatter.js
102 silly gunzTarPerm extractEntry front-end/ObjectPropertiesSection.js
103 silly gunzTarPerm extractEntry front-end/JSHeapSnapshot.js
104 silly gunzTarPerm extractEntry front-end/OverridesSupport.js
105 silly gunzTarPerm extractEntry front-end/IsolatedFileSystemManager.js
106 silly gunzTarPerm extractEntry front-end/OverridesView.js
107 silly gunzTarPerm extractEntry front-end/IsolatedFileSystem.js
108 silly gunzTarPerm extractEntry front-end/OverviewGrid.js
109 silly gunzTarPerm extractEntry front-end/InspectorView.js
110 silly gunzTarPerm extractEntry front-end/Panel.js
111 silly gunzTarPerm extractEntry front-end/InspectorFrontendHostStub.js
112 silly gunzTarPerm extractEntry front-end/ParsedURL.js
113 silly gunzTarPerm extractEntry front-end/InspectorFrontendAPI.js
114 silly gunzTarPerm extractEntry front-end/Placard.js
115 silly gunzTarPerm extractEntry front-end/InspectorBackendCommands.js
116 silly gunzTarPerm extractEntry front-end/ApplicationCacheItemsView.js
117 silly gunzTarPerm extractEntry front-end/InspectorBackend.js
118 silly gunzTarPerm extractEntry front-end/Popover.js
119 silly gunzTarPerm extractEntry front-end/InspectElementModeController.js
120 silly gunzTarPerm extractEntry front-end/PresentationConsoleMessageHelper.js
121 silly gunzTarPerm extractEntry front-end/IndexedDBViews.js
122 silly gunzTarPerm extractEntry front-end/ProfileDataGridTree.js
123 silly gunzTarPerm extractEntry front-end/IndexedDBModel.js
124 silly gunzTarPerm extractEntry front-end/ProfileLauncherView.js
125 silly gunzTarPerm extractEntry front-end/treeoutline.js
126 silly gunzTarPerm extractEntry front-end/ProfilesPanel.js
127 silly gunzTarPerm extractEntry front-end/ImageView.js
128 silly gunzTarPerm extractEntry front-end/ProfilesPanelDescriptor.js
129 silly gunzTarPerm extractEntry front-end/HelpScreen.js
130 silly gunzTarPerm extractEntry front-end/Progress.js
131 silly gunzTarPerm extractEntry front-end/HeapSnapshotWorkerDispatcher.js
132 silly gunzTarPerm extractEntry front-end/ProgressIndicator.js
133 silly gunzTarPerm extractEntry front-end/HeapSnapshotWorker.js
134 silly gunzTarPerm extractEntry front-end/PropertiesSection.js
135 silly gunzTarPerm extractEntry front-end/HeapSnapshotView.js
136 silly gunzTarPerm extractEntry front-end/PropertiesSidebarPane.js
137 silly gunzTarPerm extractEntry front-end/HeapSnapshotProxy.js
138 silly gunzTarPerm extractEntry front-end/RawSourceCode.js
139 silly gunzTarPerm extractEntry front-end/HeapSnapshotLoader.js
140 silly gunzTarPerm extractEntry front-end/RemoteObject.js
141 silly gunzTarPerm extractEntry front-end/HeapSnapshotGridNodes.js
142 silly gunzTarPerm extractEntry front-end/RequestCookiesView.js
143 silly gunzTarPerm extractEntry front-end/HeapSnapshotDataGrids.js
144 silly gunzTarPerm extractEntry front-end/RequestHTMLView.js
145 silly gunzTarPerm extractEntry front-end/HeapSnapshot.js
146 silly gunzTarPerm extractEntry front-end/RequestHeadersView.js
147 silly gunzTarPerm extractEntry front-end/HandlerRegistry.js
148 silly gunzTarPerm extractEntry front-end/RequestJSONView.js
149 silly gunzTarPerm extractEntry front-end/HAREntry.js
150 silly gunzTarPerm extractEntry front-end/RequestPreviewView.js
151 silly gunzTarPerm extractEntry front-end/GoToLineDialog.js
152 silly gunzTarPerm extractEntry front-end/RequestResponseView.js
153 silly gunzTarPerm extractEntry front-end/FontView.js
154 silly gunzTarPerm extractEntry front-end/RequestTimingView.js
155 silly gunzTarPerm extractEntry front-end/FlameChart.js
156 silly gunzTarPerm extractEntry front-end/RequestView.js
157 silly gunzTarPerm extractEntry front-end/FilteredItemSelectionDialog.js
158 silly gunzTarPerm extractEntry front-end/Resource.js
159 silly gunzTarPerm extractEntry front-end/FileUtils.js
160 silly gunzTarPerm extractEntry front-end/ResourceScriptMapping.js
161 silly gunzTarPerm extractEntry front-end/FileSystemView.js
162 silly gunzTarPerm extractEntry front-end/ResourceTreeModel.js
163 silly gunzTarPerm extractEntry front-end/FileSystemProjectDelegate.js
164 silly gunzTarPerm extractEntry front-end/ResourceType.js
165 silly gunzTarPerm extractEntry front-end/FileSystemModel.js
166 silly gunzTarPerm extractEntry front-end/ResourceUtils.js
167 silly gunzTarPerm extractEntry front-end/FileSystemMapping.js
168 silly gunzTarPerm extractEntry front-end/ResourceView.js
169 silly gunzTarPerm extractEntry front-end/FilePathScoreFunction.js
170 silly gunzTarPerm extractEntry front-end/ResourceWebSocketFrameView.js
171 silly gunzTarPerm extractEntry front-end/FileManager.js
172 silly gunzTarPerm extractEntry front-end/ResourcesPanel.js
173 silly gunzTarPerm extractEntry front-end/FileContentView.js
174 silly gunzTarPerm extractEntry front-end/RevisionHistoryView.js
175 silly gunzTarPerm extractEntry front-end/ExtensionView.js
176 silly gunzTarPerm extractEntry front-end/RuntimeModel.js
177 silly gunzTarPerm extractEntry front-end/ExtensionServer.js
178 silly gunzTarPerm extractEntry front-end/SASSSourceMapping.js
179 silly gunzTarPerm extractEntry front-end/ExtensionRegistryStub.js
180 silly gunzTarPerm extractEntry front-end/ScopeChainSidebarPane.js
181 silly gunzTarPerm extractEntry front-end/ExtensionPanel.js
182 silly gunzTarPerm extractEntry front-end/ScreencastView.js
183 silly gunzTarPerm extractEntry front-end/ExtensionAuditCategory.js
184 silly gunzTarPerm extractEntry front-end/Script.js
185 silly gunzTarPerm extractEntry front-end/ExtensionAPI.js
186 silly gunzTarPerm extractEntry front-end/ScriptFormatter.js
187 silly gunzTarPerm extractEntry front-end/EventListenersSidebarPane.js
188 silly gunzTarPerm extractEntry front-end/ScriptFormatterWorker.js
189 silly gunzTarPerm extractEntry front-end/EmptyView.js
190 silly gunzTarPerm extractEntry front-end/ScriptSnippetModel.js
191 silly gunzTarPerm extractEntry front-end/ElementsTreeOutline.js
192 silly gunzTarPerm extractEntry front-end/ScriptsNavigator.js
193 silly gunzTarPerm extractEntry front-end/ElementsPanelDescriptor.js
194 silly gunzTarPerm extractEntry front-end/ScriptsPanel.js
195 silly gunzTarPerm extractEntry front-end/ElementsPanel.js
196 silly gunzTarPerm extractEntry front-end/ScriptsPanelDescriptor.js
197 silly gunzTarPerm extractEntry front-end/EditFileSystemDialog.js
198 silly gunzTarPerm extractEntry front-end/ScriptsSearchScope.js
199 silly gunzTarPerm extractEntry front-end/Drawer.js
200 silly gunzTarPerm extractEntry front-end/SearchController.js
201 silly gunzTarPerm extractEntry front-end/DockController.js
202 silly gunzTarPerm extractEntry front-end/Section.js
203 silly gunzTarPerm extractEntry front-end/DirectoryContentView.js
204 silly gunzTarPerm extractEntry front-end/Settings.js
205 silly gunzTarPerm extractEntry front-end/Dialog.js
206 silly gunzTarPerm extractEntry front-end/SettingsScreen.js
207 silly gunzTarPerm extractEntry front-end/DevToolsExtensionAPI.js
208 silly gunzTarPerm extractEntry front-end/ShortcutsScreen.js
209 silly gunzTarPerm extractEntry front-end/DefaultScriptMapping.js
210 silly gunzTarPerm extractEntry front-end/ShowMoreDataGridNode.js
211 silly gunzTarPerm extractEntry front-end/DebuggerScriptMapping.js
212 silly gunzTarPerm extractEntry front-end/SidebarOverlay.js
213 silly gunzTarPerm extractEntry front-end/DebuggerModel.js
214 silly gunzTarPerm extractEntry front-end/SidebarPane.js
215 silly gunzTarPerm extractEntry front-end/DatabaseTableView.js
216 silly gunzTarPerm extractEntry front-end/SidebarTreeElement.js
217 silly gunzTarPerm extractEntry front-end/DatabaseQueryView.js
218 silly gunzTarPerm extractEntry front-end/SidebarView.js
219 silly gunzTarPerm extractEntry front-end/Database.js
220 silly gunzTarPerm extractEntry front-end/SimpleWorkspaceProvider.js
221 silly gunzTarPerm extractEntry front-end/DataGrid.js
222 silly gunzTarPerm extractEntry front-end/SnippetStorage.js
223 silly gunzTarPerm extractEntry front-end/DOMSyntaxHighlighter.js
224 silly gunzTarPerm extractEntry front-end/SoftContextMenu.js
225 silly gunzTarPerm extractEntry front-end/DOMStorageItemsView.js
226 silly gunzTarPerm extractEntry front-end/SourceFrame.js
227 silly gunzTarPerm extractEntry front-end/DOMStorage.js
228 silly gunzTarPerm extractEntry front-end/SourceMap.js
229 silly gunzTarPerm extractEntry front-end/DOMPresentationUtils.js
230 silly gunzTarPerm extractEntry front-end/SourceMapping.js
231 silly gunzTarPerm extractEntry front-end/DOMExtension.js
232 silly gunzTarPerm extractEntry front-end/Spectrum.js
233 silly gunzTarPerm extractEntry front-end/DOMCountersGraph.js
234 silly gunzTarPerm extractEntry front-end/SplitView.js
235 silly gunzTarPerm extractEntry front-end/DOMBreakpointsSidebarPane.js
236 silly gunzTarPerm extractEntry front-end/StatusBarButton.js
237 silly gunzTarPerm extractEntry front-end/DOMAgent.js
238 silly gunzTarPerm extractEntry front-end/StyleSheetOutlineDialog.js
239 silly gunzTarPerm extractEntry front-end/CookiesTable.js
240 silly gunzTarPerm extractEntry front-end/StylesSidebarPane.js
241 silly gunzTarPerm extractEntry front-end/CookieParser.js
242 silly gunzTarPerm extractEntry front-end/StylesSourceMapping.js
243 silly gunzTarPerm extractEntry front-end/CookieItemsView.js
244 silly gunzTarPerm extractEntry front-end/SuggestBox.js
245 silly gunzTarPerm extractEntry front-end/ContextMenu.js
246 silly gunzTarPerm extractEntry front-end/TabbedEditorContainer.js
247 silly gunzTarPerm extractEntry front-end/ContentProviders.js
248 silly gunzTarPerm extractEntry front-end/TabbedPane.js
249 silly gunzTarPerm extractEntry front-end/ContentProviderBasedProjectDelegate.js
250 silly gunzTarPerm extractEntry front-end/TestController.js
251 silly gunzTarPerm extractEntry front-end/ContentProvider.js
252 silly gunzTarPerm extractEntry front-end/Tests.js
253 silly gunzTarPerm extractEntry front-end/ConsoleView.js
254 silly gunzTarPerm extractEntry front-end/TextEditor.js
255 silly gunzTarPerm extractEntry front-end/ConsolePanel.js
256 silly gunzTarPerm extractEntry front-end/TextPrompt.js
257 silly gunzTarPerm extractEntry front-end/ConsoleModel.js
258 silly gunzTarPerm extractEntry front-end/TextRange.js
259 silly gunzTarPerm extractEntry front-end/ConsoleMessage.js
260 silly gunzTarPerm extractEntry front-end/TextUtils.js
261 silly gunzTarPerm extractEntry front-end/CompletionDictionary.js
262 silly gunzTarPerm extractEntry front-end/TimelineFrameController.js
263 silly gunzTarPerm extractEntry front-end/CompilerScriptMapping.js
264 silly gunzTarPerm extractEntry front-end/TimelineGrid.js
265 silly gunzTarPerm extractEntry front-end/Color.js
266 silly gunzTarPerm extractEntry front-end/TimelineManager.js
267 silly gunzTarPerm extractEntry front-end/CodeMirrorUtils.js
268 silly gunzTarPerm extractEntry front-end/TimelineModel.js
269 silly gunzTarPerm extractEntry front-end/CodeMirrorTextEditor.js
270 silly gunzTarPerm extractEntry front-end/TimelineOverviewPane.js
271 silly gunzTarPerm extractEntry front-end/Checkbox.js
272 silly gunzTarPerm extractEntry front-end/TimelinePanel.js
273 silly gunzTarPerm extractEntry front-end/CanvasReplayStateView.js
274 silly gunzTarPerm extractEntry front-end/TimelinePanelDescriptor.js
275 silly gunzTarPerm extractEntry front-end/CanvasProfileView.js
276 silly gunzTarPerm extractEntry front-end/TimelinePresentationModel.js
277 silly gunzTarPerm extractEntry front-end/CallStackSidebarPane.js
278 silly gunzTarPerm extractEntry front-end/Toolbar.js
279 silly gunzTarPerm extractEntry front-end/CSSStyleSheetMapping.js
280 silly gunzTarPerm extractEntry front-end/TopDownProfileDataGridTree.js
281 silly gunzTarPerm extractEntry front-end/CSSStyleModel.js
282 silly gunzTarPerm extractEntry front-end/TracingAgent.js
283 silly gunzTarPerm extractEntry front-end/CSSNamedFlowView.js
284 silly gunzTarPerm extractEntry front-end/UISourceCode.js
285 silly gunzTarPerm extractEntry front-end/CSSNamedFlowCollectionsView.js
286 silly gunzTarPerm extractEntry front-end/UISourceCodeFrame.js
287 silly gunzTarPerm extractEntry front-end/CSSMetadata.js
288 silly gunzTarPerm extractEntry front-end/UIString.js
289 silly gunzTarPerm extractEntry front-end/CPUProfileView.js
290 silly gunzTarPerm extractEntry front-end/UIUtils.js
291 silly gunzTarPerm extractEntry front-end/BreakpointsSidebarPane.js
292 silly gunzTarPerm extractEntry front-end/inspector.js
293 silly gunzTarPerm extractEntry front-end/BreakpointManager.js
294 silly gunzTarPerm extractEntry front-end/UserMetrics.js
295 silly gunzTarPerm extractEntry front-end/BottomUpProfileDataGridTree.js
296 silly gunzTarPerm extractEntry front-end/View.js
297 silly gunzTarPerm extractEntry front-end/AuditsPanel.js
298 silly gunzTarPerm extractEntry front-end/ViewportControl.js
299 silly gunzTarPerm extractEntry front-end/AuditRules.js
300 silly gunzTarPerm extractEntry front-end/WatchExpressionsSidebarPane.js
301 silly gunzTarPerm extractEntry front-end/AuditResultView.js
302 silly gunzTarPerm extractEntry front-end/WorkerManager.js
303 silly gunzTarPerm extractEntry front-end/AuditLauncherView.js
304 silly gunzTarPerm extractEntry front-end/WorkersSidebarPane.js
305 silly gunzTarPerm extractEntry front-end/AuditFormatters.js
306 silly gunzTarPerm extractEntry front-end/Workspace.js
307 silly gunzTarPerm extractEntry front-end/AuditController.js
308 silly gunzTarPerm extractEntry front-end/WorkspaceController.js
309 silly gunzTarPerm extractEntry front-end/AuditCategories.js
310 silly gunzTarPerm extractEntry front-end/externs.js
311 silly gunzTarPerm extractEntry front-end/ApplicationCacheModel.js
312 silly gunzTarPerm extractEntry front-end/buildSystemOnly.js
313 silly gunzTarPerm extractEntry front-end/NativeBreakpointsSidebarPane.js
314 silly gunzTarPerm extractEntry front-end/utilities.js
315 silly gunzTarPerm extractEntry front-end/PlatformFontsSidebarPane.js
316 silly gunzTarPerm extractEntry front-end/breakpointsList.css
317 silly gunzTarPerm extractEntry front-end/canvasProfiler.css
318 silly gunzTarPerm extractEntry front-end/cm/LICENSE
319 silly gunzTarPerm extractEntry front-end/cm/python.js
320 silly gunzTarPerm extractEntry front-end/cm/codemirror.js
321 silly gunzTarPerm extractEntry front-end/cm/coffeescript.js
322 silly gunzTarPerm extractEntry front-end/cm/comment.js
323 silly gunzTarPerm extractEntry front-end/cm/shell.js
324 silly gunzTarPerm extractEntry front-end/cm/php.js
325 silly gunzTarPerm extractEntry front-end/cm/htmlembedded.js
326 silly gunzTarPerm extractEntry front-end/cm/htmlmixed.js
327 silly gunzTarPerm extractEntry front-end/cm/javascript.js
328 silly gunzTarPerm extractEntry front-end/cm/markselection.js
329 silly gunzTarPerm extractEntry front-end/cm/closebrackets.js
330 silly gunzTarPerm extractEntry front-end/cm/matchbrackets.js
331 silly gunzTarPerm extractEntry front-end/cm/clike.js
332 silly gunzTarPerm extractEntry front-end/cm/overlay.js
333 silly gunzTarPerm extractEntry front-end/cm/css.js
334 silly gunzTarPerm extractEntry front-end/cm/xml.js
335 silly gunzTarPerm extractEntry front-end/cm/headlesscodemirror.js
336 silly gunzTarPerm extractEntry front-end/cm/LICENSE_python
337 silly gunzTarPerm extractEntry front-end/cm/codemirror.css
338 silly gunzTarPerm extractEntry front-end/cm/cmdevtools.css
339 silly gunzTarPerm extractEntry front-end/cssNamedFlows.css
340 silly gunzTarPerm extractEntry front-end/dataGrid.css
341 silly gunzTarPerm extractEntry front-end/dialog.css
342 silly gunzTarPerm extractEntry front-end/elementsPanel.css
343 silly gunzTarPerm extractEntry front-end/auditsPanel.css
344 silly gunzTarPerm extractEntry front-end/filteredItemSelectionDialog.css
345 silly gunzTarPerm extractEntry front-end/flameChart.css
346 silly gunzTarPerm extractEntry front-end/heapProfiler.css
347 silly gunzTarPerm extractEntry front-end/helpScreen.css
348 silly gunzTarPerm extractEntry front-end/indexedDBViews.css
349 silly gunzTarPerm extractEntry front-end/inspector.css
350 silly gunzTarPerm extractEntry front-end/inspector.html
351 silly gunzTarPerm extractEntry front-end/UglifyJS/parse-js.js
352 silly gunzTarPerm extractEntry front-end/inspectorCommon.css
353 silly gunzTarPerm extractEntry front-end/inspectorSyntaxHighlight.css
354 silly gunzTarPerm extractEntry front-end/OWNERS
355 silly gunzTarPerm extractEntry front-end/breadcrumbList.css
356 silly gunzTarPerm extractEntry front-end/navigatorView.css
357 silly gunzTarPerm extractEntry front-end/networkLogView.css
358 silly gunzTarPerm extractEntry front-end/networkPanel.css
359 silly gunzTarPerm extractEntry front-end/panelEnablerView.css
360 silly gunzTarPerm extractEntry front-end/popover.css
361 silly gunzTarPerm extractEntry front-end/profilesPanel.css
362 silly gunzTarPerm extractEntry front-end/resourceView.css
363 silly gunzTarPerm extractEntry front-end/resourcesPanel.css
364 silly gunzTarPerm extractEntry front-end/revisionHistory.css
365 silly gunzTarPerm extractEntry front-end/screencastView.css
366 silly gunzTarPerm extractEntry front-end/scriptsPanel.css
367 silly gunzTarPerm extractEntry front-end/sidebarPane.css
368 silly gunzTarPerm extractEntry front-end/spectrum.css
369 silly gunzTarPerm extractEntry front-end/splitView.css
370 silly gunzTarPerm extractEntry front-end/tabbedPane.css
371 silly gunzTarPerm extractEntry front-end/test-runner.html
372 silly gunzTarPerm extractEntry front-end/textPrompt.css
373 silly gunzTarPerm extractEntry front-end/timelinePanel.css
374 silly gunzTarPerm extractEntry front-end/Images/resourcePlainIcon.png
375 silly gunzTarPerm extractEntry front-end/Images/addIcon.png
376 silly gunzTarPerm extractEntry front-end/Images/back.png
377 silly gunzTarPerm extractEntry front-end/Images/breakpoint2.png
378 silly gunzTarPerm extractEntry front-end/Images/breakpoint2_2x.png
379 silly gunzTarPerm extractEntry front-end/Images/breakpointBorder.png
380 silly gunzTarPerm extractEntry front-end/Images/breakpointConditional2.png
381 silly gunzTarPerm extractEntry front-end/Images/breakpointConditional2_2x.png
382 silly gunzTarPerm extractEntry front-end/Images/breakpointConditionalBorder.png
383 silly gunzTarPerm extractEntry front-end/Images/breakpointConditionalCounterBorder.png
384 silly gunzTarPerm extractEntry front-end/Images/breakpointCounterBorder.png
385 silly gunzTarPerm extractEntry front-end/Images/checker.png
386 silly gunzTarPerm extractEntry front-end/Images/cookie.png
387 silly gunzTarPerm extractEntry front-end/Images/database.png
388 silly gunzTarPerm extractEntry front-end/Images/databaseTable.png
389 silly gunzTarPerm extractEntry front-end/Images/deleteIcon.png
390 silly gunzTarPerm extractEntry front-end/Images/domain.png
391 silly gunzTarPerm extractEntry front-end/Images/fileSystem.png
392 silly gunzTarPerm extractEntry front-end/Images/forward.png
393 silly gunzTarPerm extractEntry front-end/Images/frame.png
394 silly gunzTarPerm extractEntry front-end/Images/glossyHeader.png
395 silly gunzTarPerm extractEntry front-end/Images/glossyHeaderPressed.png
396 silly gunzTarPerm extractEntry front-end/Images/glossyHeaderSelected.png
397 silly gunzTarPerm extractEntry front-end/Images/glossyHeaderSelectedPressed.png
398 silly gunzTarPerm extractEntry front-end/Images/graphLabelCalloutLeft.png
399 silly gunzTarPerm extractEntry front-end/Images/graphLabelCalloutRight.png
400 silly gunzTarPerm extractEntry front-end/Images/indexedDB.png
401 silly gunzTarPerm extractEntry front-end/Images/indexedDBIndex.png
402 silly gunzTarPerm extractEntry front-end/Images/indexedDBObjectStore.png
403 silly gunzTarPerm extractEntry front-end/Images/localStorage.png
404 silly gunzTarPerm extractEntry front-end/Images/namedFlowOverflow.png
405 silly gunzTarPerm extractEntry front-end/Images/paneAddButtons.png
406 silly gunzTarPerm extractEntry front-end/Images/paneElementStateButtons.png
407 silly gunzTarPerm extractEntry front-end/Images/paneFilterButtons.png
408 silly gunzTarPerm extractEntry front-end/Images/paneRefreshButtons.png
409 silly gunzTarPerm extractEntry front-end/Images/paneSettingsButtons.png
410 silly gunzTarPerm extractEntry front-end/Images/popoverArrows.png
411 silly gunzTarPerm extractEntry front-end/Images/popoverBackground.png
412 silly gunzTarPerm extractEntry front-end/Images/profileGroupIcon.png
413 silly gunzTarPerm extractEntry front-end/Images/profileIcon.png
414 silly gunzTarPerm extractEntry front-end/Images/profileSmallIcon.png
415 silly gunzTarPerm extractEntry front-end/Images/programCounterBorder.png
416 silly gunzTarPerm extractEntry front-end/Images/radioDot.png
417 silly gunzTarPerm extractEntry front-end/Images/regionEmpty.png
418 silly gunzTarPerm extractEntry front-end/Images/regionFit.png
419 silly gunzTarPerm extractEntry front-end/Images/regionOverset.png
420 silly gunzTarPerm extractEntry front-end/Images/resourceCSSIcon.png
421 silly gunzTarPerm extractEntry front-end/Images/resourceDocumentIcon.png
422 silly gunzTarPerm extractEntry front-end/Images/resourceDocumentIconSmall.png
423 silly gunzTarPerm extractEntry front-end/Images/resourceJSIcon.png
424 silly gunzTarPerm extractEntry front-end/Images/applicationCache.png
425 silly gunzTarPerm extractEntry front-end/Images/resourcePlainIconSmall.png
426 silly gunzTarPerm extractEntry front-end/Images/resourcesTimeGraphIcon.png
427 silly gunzTarPerm extractEntry front-end/Images/searchNext.png
428 silly gunzTarPerm extractEntry front-end/Images/searchPrev.png
429 silly gunzTarPerm extractEntry front-end/Images/searchSmallBlue.png
430 silly gunzTarPerm extractEntry front-end/Images/searchSmallBrightBlue.png
431 silly gunzTarPerm extractEntry front-end/Images/searchSmallGray.png
432 silly gunzTarPerm extractEntry front-end/Images/searchSmallWhite.png
433 silly gunzTarPerm extractEntry front-end/Images/segment.png
434 silly gunzTarPerm extractEntry front-end/Images/segmentEnd.png
435 silly gunzTarPerm extractEntry front-end/Images/segmentHover.png
436 silly gunzTarPerm extractEntry front-end/Images/segmentHoverEnd.png
437 silly gunzTarPerm extractEntry front-end/Images/segmentSelected.png
438 silly gunzTarPerm extractEntry front-end/Images/segmentSelectedEnd.png
439 silly gunzTarPerm extractEntry front-end/Images/sessionStorage.png
440 silly gunzTarPerm extractEntry front-end/Images/settingsListRemove.png
441 silly gunzTarPerm extractEntry front-end/Images/settingsListRemove_2x.png
442 silly gunzTarPerm extractEntry front-end/Images/spinner.gif
443 silly gunzTarPerm extractEntry front-end/Images/spinnerActive.gif
444 silly gunzTarPerm extractEntry front-end/Images/spinnerActiveSelected.gif
445 silly gunzTarPerm extractEntry front-end/Images/spinnerInactive.gif
446 silly gunzTarPerm extractEntry front-end/Images/spinnerInactiveSelected.gif
447 silly gunzTarPerm extractEntry front-end/Images/src/breakpoints2.svg
448 silly gunzTarPerm extractEntry front-end/Images/src/settingListRemove.svg
449 silly gunzTarPerm extractEntry front-end/Images/src/statusbarButtonGlyphs.svg
450 silly gunzTarPerm extractEntry front-end/Images/statusbarButtonGlyphs.png
451 silly gunzTarPerm extractEntry front-end/Images/statusbarButtonGlyphs2x.png
452 silly gunzTarPerm extractEntry front-end/Images/statusbarResizerHorizontal.png
453 silly gunzTarPerm extractEntry front-end/Images/statusbarResizerVertical.png
454 silly gunzTarPerm extractEntry front-end/Images/thumbActiveHoriz.png
455 silly gunzTarPerm extractEntry front-end/Images/thumbActiveVert.png
456 silly gunzTarPerm extractEntry front-end/Images/thumbHoriz.png
457 silly gunzTarPerm extractEntry front-end/Images/thumbHoverHoriz.png
458 silly gunzTarPerm extractEntry front-end/Images/thumbHoverVert.png
459 silly gunzTarPerm extractEntry front-end/Images/thumbVert.png
460 silly gunzTarPerm extractEntry front-end/Images/timelineHollowPillBlue.png
461 silly gunzTarPerm extractEntry front-end/Images/timelineHollowPillGray.png
462 silly gunzTarPerm extractEntry front-end/Images/timelineHollowPillGreen.png
463 silly gunzTarPerm extractEntry front-end/Images/timelineHollowPillOrange.png
464 silly gunzTarPerm extractEntry front-end/Images/timelineHollowPillPurple.png
465 silly gunzTarPerm extractEntry front-end/Images/timelineHollowPillRed.png
466 silly gunzTarPerm extractEntry front-end/Images/timelineHollowPillYellow.png
467 silly gunzTarPerm extractEntry front-end/Images/timelinePillBlue.png
468 silly gunzTarPerm extractEntry front-end/Images/timelinePillGray.png
469 silly gunzTarPerm extractEntry front-end/Images/timelinePillGreen.png
470 silly gunzTarPerm extractEntry front-end/Images/timelinePillOrange.png
471 silly gunzTarPerm extractEntry front-end/Images/timelinePillPurple.png
472 silly gunzTarPerm extractEntry front-end/Images/timelinePillRed.png
473 silly gunzTarPerm extractEntry front-end/Images/timelinePillYellow.png
474 silly gunzTarPerm extractEntry front-end/Images/toolbarItemSelected.png
475 silly gunzTarPerm extractEntry front-end/Images/trackHoriz.png
476 silly gunzTarPerm extractEntry front-end/Images/trackVert.png
477 silly gunzTarPerm extractEntry front-end/layersPanel.css
478 silly gunzTarPerm extractEntry front-end-node/Overrides.js
479 silly gunzTarPerm extractEntry ChangeLog
480 silly gunzTarPerm extractEntry lib/BreakEventHandler.js
481 silly gunzTarPerm extractEntry lib/FrontendCommandHandler.js
482 silly gunzTarPerm extractEntry lib/NetworkAgent.js
483 silly gunzTarPerm extractEntry lib/PageAgent.js
484 silly gunzTarPerm extractEntry lib/FrontendClient.js
485 silly gunzTarPerm extractEntry lib/ScriptFileStorage.js
486 silly gunzTarPerm extractEntry lib/ScriptManager.js
487 silly gunzTarPerm extractEntry lib/callback.js
488 silly gunzTarPerm extractEntry lib/config.js
489 silly gunzTarPerm extractEntry lib/convert.js
490 silly gunzTarPerm extractEntry lib/DebuggerClient.js
491 silly gunzTarPerm extractEntry lib/debug-server.js
492 silly gunzTarPerm extractEntry lib/DebuggerAgent.js
493 silly gunzTarPerm extractEntry lib/debugger.js
494 silly gunzTarPerm extractEntry lib/CallFramesProvider.js
495 silly gunzTarPerm extractEntry lib/session.js
496 silly gunzTarPerm extractEntry lib/RuntimeAgent.js
497 silly gunzTarPerm extractEntry .travis.yml
498 silly gunzTarPerm extractEntry readme.md
499 verbose read json /var/folders/z9/ccm9f83x2kd9_s24pz9q6x700000gn/T/npm-61779/1379946791263-0.016420199302956462/package/package.json
500 silly lockFile 32e71b50-263-0-016420199302956462-package /var/folders/z9/ccm9f83x2kd9_s24pz9q6x700000gn/T/npm-61779/1379946791263-0.016420199302956462/package
501 silly lockFile 32e71b50-263-0-016420199302956462-package /var/folders/z9/ccm9f83x2kd9_s24pz9q6x700000gn/T/npm-61779/1379946791263-0.016420199302956462/package
502 silly lockFile 6c5e2ea8-263-0-016420199302956462-tmp-tgz /var/folders/z9/ccm9f83x2kd9_s24pz9q6x700000gn/T/npm-61779/1379946791263-0.016420199302956462/tmp.tgz
503 silly lockFile 6c5e2ea8-263-0-016420199302956462-tmp-tgz /var/folders/z9/ccm9f83x2kd9_s24pz9q6x700000gn/T/npm-61779/1379946791263-0.016420199302956462/tmp.tgz
504 verbose from cache /var/folders/z9/ccm9f83x2kd9_s24pz9q6x700000gn/T/npm-61779/1379946791263-0.016420199302956462/package/package.json
505 verbose tar pack [ '/Users/appacademy/.npm/node-inspector/0.5.0/package.tgz',
505 verbose tar pack   '/var/folders/z9/ccm9f83x2kd9_s24pz9q6x700000gn/T/npm-61779/1379946791263-0.016420199302956462/package' ]
506 verbose tarball /Users/appacademy/.npm/node-inspector/0.5.0/package.tgz
507 verbose folder /var/folders/z9/ccm9f83x2kd9_s24pz9q6x700000gn/T/npm-61779/1379946791263-0.016420199302956462/package
508 silly lockFile 32e71b50-263-0-016420199302956462-package /var/folders/z9/ccm9f83x2kd9_s24pz9q6x700000gn/T/npm-61779/1379946791263-0.016420199302956462/package
509 verbose lock /var/folders/z9/ccm9f83x2kd9_s24pz9q6x700000gn/T/npm-61779/1379946791263-0.016420199302956462/package /Users/appacademy/.npm/32e71b50-263-0-016420199302956462-package.lock
510 silly lockFile 9020ba23-node-inspector-0-5-0-package-tgz /Users/appacademy/.npm/node-inspector/0.5.0/package.tgz
511 verbose lock /Users/appacademy/.npm/node-inspector/0.5.0/package.tgz /Users/appacademy/.npm/9020ba23-node-inspector-0-5-0-package-tgz.lock
512 silly lockFile 32e71b50-263-0-016420199302956462-package /var/folders/z9/ccm9f83x2kd9_s24pz9q6x700000gn/T/npm-61779/1379946791263-0.016420199302956462/package
513 silly lockFile 32e71b50-263-0-016420199302956462-package /var/folders/z9/ccm9f83x2kd9_s24pz9q6x700000gn/T/npm-61779/1379946791263-0.016420199302956462/package
514 silly lockFile 9020ba23-node-inspector-0-5-0-package-tgz /Users/appacademy/.npm/node-inspector/0.5.0/package.tgz
515 silly lockFile 9020ba23-node-inspector-0-5-0-package-tgz /Users/appacademy/.npm/node-inspector/0.5.0/package.tgz
516 silly lockFile 517c2e1a-npm-node-inspector-0-5-0-package /Users/appacademy/.npm/node-inspector/0.5.0/package
517 verbose lock /Users/appacademy/.npm/node-inspector/0.5.0/package /Users/appacademy/.npm/517c2e1a-npm-node-inspector-0-5-0-package.lock
518 silly lockFile 517c2e1a-npm-node-inspector-0-5-0-package /Users/appacademy/.npm/node-inspector/0.5.0/package
519 silly lockFile 517c2e1a-npm-node-inspector-0-5-0-package /Users/appacademy/.npm/node-inspector/0.5.0/package
520 verbose tar unpack /Users/appacademy/.npm/node-inspector/0.5.0/package.tgz
521 silly lockFile 517c2e1a-npm-node-inspector-0-5-0-package /Users/appacademy/.npm/node-inspector/0.5.0/package
522 verbose lock /Users/appacademy/.npm/node-inspector/0.5.0/package /Users/appacademy/.npm/517c2e1a-npm-node-inspector-0-5-0-package.lock
523 silly lockFile 9020ba23-node-inspector-0-5-0-package-tgz /Users/appacademy/.npm/node-inspector/0.5.0/package.tgz
524 verbose lock /Users/appacademy/.npm/node-inspector/0.5.0/package.tgz /Users/appacademy/.npm/9020ba23-node-inspector-0-5-0-package-tgz.lock
525 silly gunzTarPerm modes [ '755', '644' ]
526 silly gunzTarPerm extractEntry package.json
527 silly gunzTarPerm extractEntry LICENSE
528 silly gunzTarPerm extractEntry index.js
529 silly gunzTarPerm extractEntry front-end-node/Overrides.js
530 silly gunzTarPerm extractEntry config.json
531 silly gunzTarPerm extractEntry docs/embedding.md
532 silly gunzTarPerm extractEntry front-end/AdvancedSearchController.js
533 silly gunzTarPerm extractEntry front-end/TimelinePresentationModel.js
534 silly gunzTarPerm extractEntry front-end/inspector.js
535 silly gunzTarPerm extractEntry front-end/InspectorBackend.js
536 silly gunzTarPerm extractEntry front-end/InspectorBackendCommands.js
537 silly gunzTarPerm extractEntry front-end/Toolbar.js
538 silly gunzTarPerm extractEntry front-end/InspectorFrontendAPI.js
539 silly gunzTarPerm extractEntry front-end/InspectorFrontendHostStub.js
540 silly gunzTarPerm extractEntry front-end/TimelinePanel.js
541 silly gunzTarPerm extractEntry front-end/InspectorView.js
542 silly gunzTarPerm extractEntry front-end/IsolatedFileSystem.js
543 silly gunzTarPerm extractEntry front-end/InspectElementModeController.js
544 silly gunzTarPerm extractEntry front-end/IsolatedFileSystemManager.js
545 silly gunzTarPerm extractEntry front-end/IndexedDBViews.js
546 silly gunzTarPerm extractEntry front-end/JavaScriptFormatter.js
547 silly gunzTarPerm extractEntry front-end/TopDownProfileDataGridTree.js
548 silly gunzTarPerm extractEntry front-end/JavaScriptSourceFrame.js
549 silly gunzTarPerm extractEntry front-end/IndexedDBModel.js
550 silly gunzTarPerm extractEntry front-end/jsdifflib.js
551 silly gunzTarPerm extractEntry front-end/ImageView.js
552 silly gunzTarPerm extractEntry front-end/JSHeapSnapshot.js
553 silly gunzTarPerm extractEntry front-end/TracingAgent.js
554 silly gunzTarPerm extractEntry front-end/KeyboardShortcut.js
555 silly gunzTarPerm extractEntry front-end/HelpScreen.js
556 silly gunzTarPerm extractEntry front-end/LayerDetailsView.js
557 silly gunzTarPerm extractEntry front-end/treeoutline.js
558 silly gunzTarPerm extractEntry front-end/Layers3DView.js
559 silly gunzTarPerm extractEntry front-end/HeapSnapshotWorkerDispatcher.js
560 silly gunzTarPerm extractEntry front-end/TimelineOverviewPane.js
561 silly gunzTarPerm extractEntry front-end/HeapSnapshotWorker.js
562 silly gunzTarPerm extractEntry front-end/LayersPanel.js
563 silly gunzTarPerm extractEntry front-end/HeapSnapshotView.js
564 silly gunzTarPerm extractEntry front-end/LayersPanelDescriptor.js
565 silly gunzTarPerm extractEntry front-end/HeapSnapshotProxy.js
566 silly gunzTarPerm extractEntry front-end/LayerTree.js
567 silly gunzTarPerm extractEntry front-end/HeapSnapshotLoader.js
568 silly gunzTarPerm extractEntry front-end/LayerTreeModel.js
569 silly gunzTarPerm extractEntry front-end/HeapSnapshotGridNodes.js
570 silly gunzTarPerm extractEntry front-end/Linkifier.js
571 silly gunzTarPerm extractEntry front-end/HeapSnapshotDataGrids.js
572 silly gunzTarPerm extractEntry front-end/ApplicationCacheItemsView.js
573 silly gunzTarPerm extractEntry front-end/HeapSnapshot.js
574 silly gunzTarPerm extractEntry front-end/MemoryStatistics.js
575 silly gunzTarPerm extractEntry front-end/UISourceCode.js
576 silly gunzTarPerm extractEntry front-end/MetricsSidebarPane.js
577 silly gunzTarPerm extractEntry front-end/HAREntry.js
578 silly gunzTarPerm extractEntry front-end/NativeBreakpointsSidebarPane.js
579 silly gunzTarPerm extractEntry front-end/HandlerRegistry.js
580 silly gunzTarPerm extractEntry front-end/NavigatorOverlayController.js
581 silly gunzTarPerm extractEntry front-end/GoToLineDialog.js
582 silly gunzTarPerm extractEntry front-end/TimelineModel.js
583 silly gunzTarPerm extractEntry front-end/FontView.js
584 silly gunzTarPerm extractEntry front-end/NavigatorView.js
585 silly gunzTarPerm extractEntry front-end/FlameChart.js
586 silly gunzTarPerm extractEntry front-end/NetworkItemView.js
587 silly gunzTarPerm extractEntry front-end/UISourceCodeFrame.js
588 silly gunzTarPerm extractEntry front-end/NetworkLog.js
589 silly gunzTarPerm extractEntry front-end/FilteredItemSelectionDialog.js
590 silly gunzTarPerm extractEntry front-end/TimelineManager.js
591 silly gunzTarPerm extractEntry front-end/UIString.js
592 silly gunzTarPerm extractEntry front-end/NetworkManager.js
593 silly gunzTarPerm extractEntry front-end/FileUtils.js
594 silly gunzTarPerm extractEntry front-end/TimelineGrid.js
595 silly gunzTarPerm extractEntry front-end/FileSystemView.js
596 silly gunzTarPerm extractEntry front-end/NetworkPanel.js
597 silly gunzTarPerm extractEntry front-end/FileSystemProjectDelegate.js
598 silly gunzTarPerm extractEntry front-end/NetworkPanelDescriptor.js
599 silly gunzTarPerm extractEntry front-end/FileSystemModel.js
600 silly gunzTarPerm extractEntry front-end/NetworkRequest.js
601 silly gunzTarPerm extractEntry front-end/FileSystemMapping.js
602 silly gunzTarPerm extractEntry front-end/NetworkUISourceCodeProvider.js
603 silly gunzTarPerm extractEntry front-end/FilePathScoreFunction.js
604 silly gunzTarPerm extractEntry front-end/Object.js
605 silly gunzTarPerm extractEntry front-end/FileManager.js
606 silly gunzTarPerm extractEntry front-end/ObjectPopoverHelper.js
607 silly gunzTarPerm extractEntry front-end/FileContentView.js
608 silly gunzTarPerm extractEntry front-end/ObjectPropertiesSection.js
609 silly gunzTarPerm extractEntry front-end/externs.js
610 silly gunzTarPerm extractEntry front-end/OverridesSupport.js
611 silly gunzTarPerm extractEntry front-end/ExtensionView.js
612 silly gunzTarPerm extractEntry front-end/OverridesView.js
613 silly gunzTarPerm extractEntry front-end/ExtensionServer.js
614 silly gunzTarPerm extractEntry front-end/OverviewGrid.js
615 silly gunzTarPerm extractEntry front-end/ExtensionRegistryStub.js
616 silly gunzTarPerm extractEntry front-end/TimelineFrameController.js
617 silly gunzTarPerm extractEntry front-end/ExtensionPanel.js
618 silly gunzTarPerm extractEntry front-end/Panel.js
619 silly gunzTarPerm extractEntry front-end/ExtensionAuditCategory.js
620 silly gunzTarPerm extractEntry front-end/TextUtils.js
621 silly gunzTarPerm extractEntry front-end/ExtensionAPI.js
622 silly gunzTarPerm extractEntry front-end/ParsedURL.js
623 silly gunzTarPerm extractEntry front-end/EventListenersSidebarPane.js
624 silly gunzTarPerm extractEntry front-end/Placard.js
625 silly gunzTarPerm extractEntry front-end/EmptyView.js
626 silly gunzTarPerm extractEntry front-end/PlatformFontsSidebarPane.js
627 silly gunzTarPerm extractEntry front-end/ElementsTreeOutline.js
628 silly gunzTarPerm extractEntry front-end/TextRange.js
629 silly gunzTarPerm extractEntry front-end/ElementsPanelDescriptor.js
630 silly gunzTarPerm extractEntry front-end/Popover.js
631 silly gunzTarPerm extractEntry front-end/ElementsPanel.js
632 silly gunzTarPerm extractEntry front-end/PresentationConsoleMessageHelper.js
633 silly gunzTarPerm extractEntry front-end/UIUtils.js
634 silly gunzTarPerm extractEntry front-end/ProfileDataGridTree.js
635 silly gunzTarPerm extractEntry front-end/EditFileSystemDialog.js
636 silly gunzTarPerm extractEntry front-end/ProfileLauncherView.js
637 silly gunzTarPerm extractEntry front-end/Drawer.js
638 silly gunzTarPerm extractEntry front-end/TextPrompt.js
639 silly gunzTarPerm extractEntry front-end/DOMSyntaxHighlighter.js
640 silly gunzTarPerm extractEntry front-end/ProfilesPanel.js
641 silly gunzTarPerm extractEntry front-end/DOMStorageItemsView.js
642 silly gunzTarPerm extractEntry front-end/ProfilesPanelDescriptor.js
643 silly gunzTarPerm extractEntry front-end/DOMStorage.js
644 silly gunzTarPerm extractEntry front-end/Progress.js
645 silly gunzTarPerm extractEntry front-end/DOMPresentationUtils.js
646 silly gunzTarPerm extractEntry front-end/ProgressIndicator.js
647 silly gunzTarPerm extractEntry front-end/DOMExtension.js
648 silly gunzTarPerm extractEntry front-end/PropertiesSection.js
649 silly gunzTarPerm extractEntry front-end/DOMCountersGraph.js
650 silly gunzTarPerm extractEntry front-end/PropertiesSidebarPane.js
651 silly gunzTarPerm extractEntry front-end/DOMBreakpointsSidebarPane.js
652 silly gunzTarPerm extractEntry front-end/RawSourceCode.js
653 silly gunzTarPerm extractEntry front-end/DOMAgent.js
654 silly gunzTarPerm extractEntry front-end/RemoteObject.js
655 silly gunzTarPerm extractEntry front-end/DockController.js
656 silly gunzTarPerm extractEntry front-end/RequestCookiesView.js
657 silly gunzTarPerm extractEntry front-end/DirectoryContentView.js
658 silly gunzTarPerm extractEntry front-end/RequestHeadersView.js
659 silly gunzTarPerm extractEntry front-end/Dialog.js
660 silly gunzTarPerm extractEntry front-end/RequestHTMLView.js
661 silly gunzTarPerm extractEntry front-end/UserMetrics.js
662 silly gunzTarPerm extractEntry front-end/RequestJSONView.js
663 silly gunzTarPerm extractEntry front-end/DevToolsExtensionAPI.js
664 silly gunzTarPerm extractEntry front-end/RequestPreviewView.js
665 silly gunzTarPerm extractEntry front-end/DefaultScriptMapping.js
666 silly gunzTarPerm extractEntry front-end/RequestResponseView.js
667 silly gunzTarPerm extractEntry front-end/DebuggerScriptMapping.js
668 silly gunzTarPerm extractEntry front-end/RequestTimingView.js
669 silly gunzTarPerm extractEntry front-end/DebuggerModel.js
670 silly gunzTarPerm extractEntry front-end/RequestView.js
671 silly gunzTarPerm extractEntry front-end/DataGrid.js
672 silly gunzTarPerm extractEntry front-end/Resource.js
673 silly gunzTarPerm extractEntry front-end/utilities.js
674 silly gunzTarPerm extractEntry front-end/ResourceScriptMapping.js
675 silly gunzTarPerm extractEntry front-end/DatabaseTableView.js
676 silly gunzTarPerm extractEntry front-end/TextEditor.js
677 silly gunzTarPerm extractEntry front-end/DatabaseQueryView.js
678 silly gunzTarPerm extractEntry front-end/ResourcesPanel.js
679 silly gunzTarPerm extractEntry front-end/Database.js
680 silly gunzTarPerm extractEntry front-end/ResourceTreeModel.js
681 silly gunzTarPerm extractEntry front-end/CSSStyleSheetMapping.js
682 silly gunzTarPerm extractEntry front-end/ResourceType.js
683 silly gunzTarPerm extractEntry front-end/CSSStyleModel.js
684 silly gunzTarPerm extractEntry front-end/ResourceUtils.js
685 silly gunzTarPerm extractEntry front-end/CSSNamedFlowView.js
686 silly gunzTarPerm extractEntry front-end/Tests.js
687 silly gunzTarPerm extractEntry front-end/View.js
688 silly gunzTarPerm extractEntry front-end/ResourceView.js
689 silly gunzTarPerm extractEntry front-end/CSSNamedFlowCollectionsView.js
690 silly gunzTarPerm extractEntry front-end/ResourceWebSocketFrameView.js
691 silly gunzTarPerm extractEntry front-end/CSSMetadata.js
692 silly gunzTarPerm extractEntry front-end/TestController.js
693 silly gunzTarPerm extractEntry front-end/CPUProfileView.js
694 silly gunzTarPerm extractEntry front-end/RevisionHistoryView.js
695 silly gunzTarPerm extractEntry front-end/CookiesTable.js
696 silly gunzTarPerm extractEntry front-end/RuntimeModel.js
697 silly gunzTarPerm extractEntry front-end/CookieParser.js
698 silly gunzTarPerm extractEntry front-end/SASSSourceMapping.js
699 silly gunzTarPerm extractEntry front-end/CookieItemsView.js
700 silly gunzTarPerm extractEntry front-end/ScopeChainSidebarPane.js
701 silly gunzTarPerm extractEntry front-end/ContextMenu.js
702 silly gunzTarPerm extractEntry front-end/TabbedPane.js
703 silly gunzTarPerm extractEntry front-end/ContentProviders.js
704 silly gunzTarPerm extractEntry front-end/ScreencastView.js
705 silly gunzTarPerm extractEntry front-end/ContentProviderBasedProjectDelegate.js
706 silly gunzTarPerm extractEntry front-end/Script.js
707 silly gunzTarPerm extractEntry front-end/ContentProvider.js
708 silly gunzTarPerm extractEntry front-end/ScriptFormatter.js
709 silly gunzTarPerm extractEntry front-end/ConsoleView.js
710 silly gunzTarPerm extractEntry front-end/ScriptFormatterWorker.js
711 silly gunzTarPerm extractEntry front-end/ConsolePanel.js
712 silly gunzTarPerm extractEntry front-end/ScriptsNavigator.js
713 silly gunzTarPerm extractEntry front-end/ConsoleModel.js
714 silly gunzTarPerm extractEntry front-end/ScriptSnippetModel.js
715 silly gunzTarPerm extractEntry front-end/ConsoleMessage.js
716 silly gunzTarPerm extractEntry front-end/TabbedEditorContainer.js
717 silly gunzTarPerm extractEntry front-end/CompletionDictionary.js
718 silly gunzTarPerm extractEntry front-end/ScriptsPanel.js
719 silly gunzTarPerm extractEntry front-end/CompilerScriptMapping.js
720 silly gunzTarPerm extractEntry front-end/ScriptsPanelDescriptor.js
721 silly gunzTarPerm extractEntry front-end/Color.js
722 silly gunzTarPerm extractEntry front-end/ScriptsSearchScope.js
723 silly gunzTarPerm extractEntry front-end/CodeMirrorUtils.js
724 silly gunzTarPerm extractEntry front-end/SearchController.js
725 silly gunzTarPerm extractEntry front-end/CodeMirrorTextEditor.js
726 silly gunzTarPerm extractEntry front-end/Section.js
727 silly gunzTarPerm extractEntry front-end/ViewportControl.js
728 silly gunzTarPerm extractEntry front-end/Settings.js
729 silly gunzTarPerm extractEntry front-end/Checkbox.js
730 silly gunzTarPerm extractEntry front-end/SettingsScreen.js
731 silly gunzTarPerm extractEntry front-end/CanvasReplayStateView.js
732 silly gunzTarPerm extractEntry front-end/ShortcutsScreen.js
733 silly gunzTarPerm extractEntry front-end/CanvasProfileView.js
734 silly gunzTarPerm extractEntry front-end/ShowMoreDataGridNode.js
735 silly gunzTarPerm extractEntry front-end/WatchExpressionsSidebarPane.js
736 silly gunzTarPerm extractEntry front-end/SidebarOverlay.js
737 silly gunzTarPerm extractEntry front-end/CallStackSidebarPane.js
738 silly gunzTarPerm extractEntry front-end/SuggestBox.js
739 silly gunzTarPerm extractEntry front-end/buildSystemOnly.js
740 silly gunzTarPerm extractEntry front-end/SidebarPane.js
741 silly gunzTarPerm extractEntry front-end/BreakpointsSidebarPane.js
742 silly gunzTarPerm extractEntry front-end/SidebarTreeElement.js
743 silly gunzTarPerm extractEntry front-end/WorkerManager.js
744 silly gunzTarPerm extractEntry front-end/SidebarView.js
745 silly gunzTarPerm extractEntry front-end/BreakpointManager.js
746 silly gunzTarPerm extractEntry front-end/SimpleWorkspaceProvider.js
747 silly gunzTarPerm extractEntry front-end/WorkersSidebarPane.js
748 silly gunzTarPerm extractEntry front-end/SnippetStorage.js
749 silly gunzTarPerm extractEntry front-end/BottomUpProfileDataGridTree.js
750 silly gunzTarPerm extractEntry front-end/SoftContextMenu.js
751 silly gunzTarPerm extractEntry front-end/AuditsPanel.js
752 silly gunzTarPerm extractEntry front-end/SourceFrame.js
753 silly gunzTarPerm extractEntry front-end/Workspace.js
754 silly gunzTarPerm extractEntry front-end/SourceMap.js
755 silly gunzTarPerm extractEntry front-end/AuditRules.js
756 silly gunzTarPerm extractEntry front-end/SourceMapping.js
757 silly gunzTarPerm extractEntry front-end/AuditResultView.js
758 silly gunzTarPerm extractEntry front-end/StylesSourceMapping.js
759 silly gunzTarPerm extractEntry front-end/AuditLauncherView.js
760 silly gunzTarPerm extractEntry front-end/Spectrum.js
761 silly gunzTarPerm extractEntry front-end/AuditFormatters.js
762 silly gunzTarPerm extractEntry front-end/StylesSidebarPane.js
763 silly gunzTarPerm extractEntry front-end/AuditController.js
764 silly gunzTarPerm extractEntry front-end/SplitView.js
765 silly gunzTarPerm extractEntry front-end/AuditCategories.js
766 silly gunzTarPerm extractEntry front-end/StatusBarButton.js
767 silly gunzTarPerm extractEntry front-end/ApplicationCacheModel.js
768 silly gunzTarPerm extractEntry front-end/StyleSheetOutlineDialog.js
769 silly gunzTarPerm extractEntry front-end/TimelinePanelDescriptor.js
770 silly gunzTarPerm extractEntry front-end/WorkspaceController.js
771 silly gunzTarPerm extractEntry front-end/LiveEditSupport.js
772 silly gunzTarPerm extractEntry front-end/splitView.css
773 silly gunzTarPerm extractEntry front-end/sidebarPane.css
774 silly gunzTarPerm extractEntry front-end/scriptsPanel.css
775 silly gunzTarPerm extractEntry front-end/tabbedPane.css
776 silly gunzTarPerm extractEntry front-end/screencastView.css
777 silly gunzTarPerm extractEntry front-end/test-runner.html
778 silly gunzTarPerm extractEntry front-end/revisionHistory.css
779 silly gunzTarPerm extractEntry front-end/resourceView.css
780 silly gunzTarPerm extractEntry front-end/resourcesPanel.css
781 silly gunzTarPerm extractEntry front-end/textPrompt.css
782 silly gunzTarPerm extractEntry front-end/profilesPanel.css
783 silly gunzTarPerm extractEntry front-end/popover.css
784 silly gunzTarPerm extractEntry front-end/panelEnablerView.css
785 silly gunzTarPerm extractEntry front-end/OWNERS
786 silly gunzTarPerm extractEntry front-end/networkPanel.css
787 silly gunzTarPerm extractEntry front-end/networkLogView.css
788 silly gunzTarPerm extractEntry front-end/navigatorView.css
789 silly gunzTarPerm extractEntry front-end/layersPanel.css
790 silly gunzTarPerm extractEntry front-end/timelinePanel.css
791 silly gunzTarPerm extractEntry front-end/spectrum.css
792 silly gunzTarPerm extractEntry front-end/inspectorCommon.css
793 silly gunzTarPerm extractEntry front-end/inspector.html
794 silly gunzTarPerm extractEntry front-end/inspector.css
795 silly gunzTarPerm extractEntry front-end/indexedDBViews.css
796 silly gunzTarPerm extractEntry front-end/Images/resourcePlainIcon.png
797 silly gunzTarPerm extractEntry front-end/Images/addIcon.png
798 silly gunzTarPerm extractEntry front-end/Images/back.png
799 silly gunzTarPerm extractEntry front-end/Images/breakpoint2.png
800 silly gunzTarPerm extractEntry front-end/Images/breakpoint2_2x.png
801 silly gunzTarPerm extractEntry front-end/Images/breakpointBorder.png
802 silly gunzTarPerm extractEntry front-end/Images/breakpointConditional2.png
803 silly gunzTarPerm extractEntry front-end/Images/breakpointConditional2_2x.png
804 silly gunzTarPerm extractEntry front-end/Images/breakpointConditionalBorder.png
805 silly gunzTarPerm extractEntry front-end/Images/breakpointConditionalCounterBorder.png
806 silly gunzTarPerm extractEntry front-end/Images/breakpointCounterBorder.png
807 silly gunzTarPerm extractEntry front-end/Images/checker.png
808 silly gunzTarPerm extractEntry front-end/Images/cookie.png
809 silly gunzTarPerm extractEntry front-end/Images/database.png
810 silly gunzTarPerm extractEntry front-end/Images/databaseTable.png
811 silly gunzTarPerm extractEntry front-end/Images/deleteIcon.png
812 silly gunzTarPerm extractEntry front-end/Images/domain.png
813 silly gunzTarPerm extractEntry front-end/Images/fileSystem.png
814 silly gunzTarPerm extractEntry front-end/Images/forward.png
815 silly gunzTarPerm extractEntry front-end/Images/frame.png
816 silly gunzTarPerm extractEntry front-end/Images/glossyHeader.png
817 silly gunzTarPerm extractEntry front-end/Images/glossyHeaderPressed.png
818 silly gunzTarPerm extractEntry front-end/Images/glossyHeaderSelected.png
819 silly gunzTarPerm extractEntry front-end/Images/glossyHeaderSelectedPressed.png
820 silly gunzTarPerm extractEntry front-end/Images/graphLabelCalloutLeft.png
821 silly gunzTarPerm extractEntry front-end/Images/graphLabelCalloutRight.png
822 silly gunzTarPerm extractEntry front-end/Images/indexedDB.png
823 silly gunzTarPerm extractEntry front-end/Images/indexedDBIndex.png
824 silly gunzTarPerm extractEntry front-end/Images/indexedDBObjectStore.png
825 silly gunzTarPerm extractEntry front-end/Images/localStorage.png
826 silly gunzTarPerm extractEntry front-end/Images/namedFlowOverflow.png
827 silly gunzTarPerm extractEntry front-end/Images/paneAddButtons.png
828 silly gunzTarPerm extractEntry front-end/Images/paneElementStateButtons.png
829 silly gunzTarPerm extractEntry front-end/Images/paneFilterButtons.png
830 silly gunzTarPerm extractEntry front-end/Images/paneRefreshButtons.png
831 silly gunzTarPerm extractEntry front-end/Images/paneSettingsButtons.png
832 silly gunzTarPerm extractEntry front-end/Images/popoverArrows.png
833 silly gunzTarPerm extractEntry front-end/Images/popoverBackground.png
834 silly gunzTarPerm extractEntry front-end/Images/profileGroupIcon.png
835 silly gunzTarPerm extractEntry front-end/Images/profileIcon.png
836 silly gunzTarPerm extractEntry front-end/Images/profileSmallIcon.png
837 silly gunzTarPerm extractEntry front-end/Images/programCounterBorder.png
838 silly gunzTarPerm extractEntry front-end/Images/radioDot.png
839 silly gunzTarPerm extractEntry front-end/Images/regionEmpty.png
840 silly gunzTarPerm extractEntry front-end/Images/regionFit.png
841 silly gunzTarPerm extractEntry front-end/Images/regionOverset.png
842 silly gunzTarPerm extractEntry front-end/Images/resourceCSSIcon.png
843 silly gunzTarPerm extractEntry front-end/Images/resourceDocumentIcon.png
844 silly gunzTarPerm extractEntry front-end/Images/resourceDocumentIconSmall.png
845 silly gunzTarPerm extractEntry front-end/Images/resourceJSIcon.png
846 silly gunzTarPerm extractEntry front-end/Images/applicationCache.png
847 silly gunzTarPerm extractEntry front-end/Images/resourcePlainIconSmall.png
848 silly gunzTarPerm extractEntry front-end/Images/resourcesTimeGraphIcon.png
849 silly gunzTarPerm extractEntry front-end/Images/searchNext.png
850 silly gunzTarPerm extractEntry front-end/Images/searchPrev.png
851 silly gunzTarPerm extractEntry front-end/Images/searchSmallBlue.png
852 silly gunzTarPerm extractEntry front-end/Images/searchSmallBrightBlue.png
853 silly gunzTarPerm extractEntry front-end/Images/searchSmallGray.png
854 silly gunzTarPerm extractEntry front-end/Images/searchSmallWhite.png
855 silly gunzTarPerm extractEntry front-end/Images/segment.png
856 silly gunzTarPerm extractEntry front-end/Images/segmentEnd.png
857 silly gunzTarPerm extractEntry front-end/Images/segmentHover.png
858 silly gunzTarPerm extractEntry front-end/Images/segmentHoverEnd.png
859 silly gunzTarPerm extractEntry front-end/Images/segmentSelected.png
860 silly gunzTarPerm extractEntry front-end/Images/segmentSelectedEnd.png
861 silly gunzTarPerm extractEntry front-end/Images/sessionStorage.png
862 silly gunzTarPerm extractEntry front-end/Images/settingsListRemove.png
863 silly gunzTarPerm extractEntry front-end/Images/settingsListRemove_2x.png
864 silly gunzTarPerm extractEntry front-end/Images/spinner.gif
865 silly gunzTarPerm extractEntry front-end/Images/spinnerActive.gif
866 silly gunzTarPerm extractEntry front-end/Images/spinnerActiveSelected.gif
867 silly gunzTarPerm extractEntry front-end/Images/spinnerInactive.gif
868 silly gunzTarPerm extractEntry front-end/Images/spinnerInactiveSelected.gif
869 silly gunzTarPerm extractEntry front-end/Images/src/breakpoints2.svg
870 silly gunzTarPerm extractEntry front-end/Images/src/settingListRemove.svg
871 silly gunzTarPerm extractEntry front-end/Images/src/statusbarButtonGlyphs.svg
872 silly gunzTarPerm extractEntry front-end/Images/statusbarButtonGlyphs.png
873 silly gunzTarPerm extractEntry front-end/Images/statusbarButtonGlyphs2x.png
874 silly gunzTarPerm extractEntry front-end/Images/statusbarResizerHorizontal.png
875 silly gunzTarPerm extractEntry front-end/Images/statusbarResizerVertical.png
876 silly gunzTarPerm extractEntry front-end/Images/thumbActiveHoriz.png
877 silly gunzTarPerm extractEntry front-end/Images/thumbActiveVert.png
878 silly gunzTarPerm extractEntry front-end/Images/thumbHoriz.png
879 silly gunzTarPerm extractEntry front-end/Images/thumbHoverHoriz.png
880 silly gunzTarPerm extractEntry front-end/Images/thumbHoverVert.png
881 silly gunzTarPerm extractEntry front-end/Images/thumbVert.png
882 silly gunzTarPerm extractEntry front-end/Images/timelineHollowPillBlue.png
883 silly gunzTarPerm extractEntry front-end/Images/timelineHollowPillGray.png
884 silly gunzTarPerm extractEntry front-end/Images/timelineHollowPillGreen.png
885 silly gunzTarPerm extractEntry front-end/Images/timelineHollowPillOrange.png
886 silly gunzTarPerm extractEntry front-end/Images/timelineHollowPillPurple.png
887 silly gunzTarPerm extractEntry front-end/Images/timelineHollowPillRed.png
888 silly gunzTarPerm extractEntry front-end/Images/timelineHollowPillYellow.png
889 silly gunzTarPerm extractEntry front-end/Images/timelinePillBlue.png
890 silly gunzTarPerm extractEntry front-end/Images/timelinePillGray.png
891 silly gunzTarPerm extractEntry front-end/Images/timelinePillGreen.png
892 silly gunzTarPerm extractEntry front-end/Images/timelinePillOrange.png
893 silly gunzTarPerm extractEntry front-end/Images/timelinePillPurple.png
894 silly gunzTarPerm extractEntry front-end/Images/timelinePillRed.png
895 silly gunzTarPerm extractEntry front-end/Images/timelinePillYellow.png
896 silly gunzTarPerm extractEntry front-end/Images/toolbarItemSelected.png
897 silly gunzTarPerm extractEntry front-end/Images/trackHoriz.png
898 silly gunzTarPerm extractEntry front-end/Images/trackVert.png
899 silly gunzTarPerm extractEntry front-end/helpScreen.css
900 silly gunzTarPerm extractEntry front-end/UglifyJS/parse-js.js
901 silly gunzTarPerm extractEntry front-end/heapProfiler.css
902 silly gunzTarPerm extractEntry front-end/flameChart.css
903 silly gunzTarPerm extractEntry front-end/filteredItemSelectionDialog.css
904 silly gunzTarPerm extractEntry front-end/elementsPanel.css
905 silly gunzTarPerm extractEntry front-end/dialog.css
906 silly gunzTarPerm extractEntry front-end/dataGrid.css
907 silly gunzTarPerm extractEntry front-end/cssNamedFlows.css
908 silly gunzTarPerm extractEntry front-end/cm/LICENSE
909 silly gunzTarPerm extractEntry front-end/cm/clike.js
910 silly gunzTarPerm extractEntry front-end/cm/coffeescript.js
911 silly gunzTarPerm extractEntry front-end/cm/comment.js
912 silly gunzTarPerm extractEntry front-end/cm/css.js
913 silly gunzTarPerm extractEntry front-end/cm/headlesscodemirror.js
914 silly gunzTarPerm extractEntry front-end/cm/codemirror.js
915 silly gunzTarPerm extractEntry front-end/cm/closebrackets.js
916 silly gunzTarPerm extractEntry front-end/cm/javascript.js
917 silly gunzTarPerm extractEntry front-end/cm/php.js
918 silly gunzTarPerm extractEntry front-end/cm/markselection.js
919 silly gunzTarPerm extractEntry front-end/cm/python.js
920 silly gunzTarPerm extractEntry front-end/cm/matchbrackets.js
921 silly gunzTarPerm extractEntry front-end/cm/shell.js
922 silly gunzTarPerm extractEntry front-end/cm/overlay.js
923 silly gunzTarPerm extractEntry front-end/cm/htmlembedded.js
924 silly gunzTarPerm extractEntry front-end/cm/xml.js
925 silly gunzTarPerm extractEntry front-end/cm/htmlmixed.js
926 silly gunzTarPerm extractEntry front-end/cm/LICENSE_python
927 silly gunzTarPerm extractEntry front-end/cm/codemirror.css
928 silly gunzTarPerm extractEntry front-end/cm/cmdevtools.css
929 silly gunzTarPerm extractEntry front-end/canvasProfiler.css
930 silly gunzTarPerm extractEntry front-end/breakpointsList.css
931 silly gunzTarPerm extractEntry front-end/breadcrumbList.css
932 silly gunzTarPerm extractEntry front-end/auditsPanel.css
933 silly gunzTarPerm extractEntry front-end/inspectorSyntaxHighlight.css
934 silly gunzTarPerm extractEntry AUTHORS
935 silly gunzTarPerm extractEntry .travis.yml
936 silly gunzTarPerm extractEntry lib/BreakEventHandler.js
937 silly gunzTarPerm extractEntry lib/debug-server.js
938 silly gunzTarPerm extractEntry lib/debugger.js
939 silly gunzTarPerm extractEntry lib/DebuggerAgent.js
940 silly gunzTarPerm extractEntry lib/convert.js
941 silly gunzTarPerm extractEntry lib/FrontendClient.js
942 silly gunzTarPerm extractEntry lib/FrontendCommandHandler.js
943 silly gunzTarPerm extractEntry lib/NetworkAgent.js
944 silly gunzTarPerm extractEntry lib/PageAgent.js
945 silly gunzTarPerm extractEntry lib/RuntimeAgent.js
946 silly gunzTarPerm extractEntry lib/config.js
947 silly gunzTarPerm extractEntry lib/ScriptFileStorage.js
948 silly gunzTarPerm extractEntry lib/CallFramesProvider.js
949 silly gunzTarPerm extractEntry lib/ScriptManager.js
950 silly gunzTarPerm extractEntry lib/callback.js
951 silly gunzTarPerm extractEntry lib/session.js
952 silly gunzTarPerm extractEntry lib/DebuggerClient.js
953 silly gunzTarPerm extractEntry bin/inspector.js
954 silly gunzTarPerm extractEntry MAINTAINERS.md
955 silly gunzTarPerm extractEntry ChangeLog
956 silly gunzTarPerm extractEntry readme.md
957 verbose read json /Users/appacademy/.npm/node-inspector/0.5.0/package/package.json
958 silly lockFile 517c2e1a-npm-node-inspector-0-5-0-package /Users/appacademy/.npm/node-inspector/0.5.0/package
959 silly lockFile 517c2e1a-npm-node-inspector-0-5-0-package /Users/appacademy/.npm/node-inspector/0.5.0/package
960 silly lockFile 9020ba23-node-inspector-0-5-0-package-tgz /Users/appacademy/.npm/node-inspector/0.5.0/package.tgz
961 silly lockFile 9020ba23-node-inspector-0-5-0-package-tgz /Users/appacademy/.npm/node-inspector/0.5.0/package.tgz
962 silly shasum updated bytes 40960
963 silly shasum updated bytes 40960
964 silly shasum updated bytes 40960
965 silly shasum updated bytes 40960
966 silly shasum updated bytes 40960
967 silly shasum updated bytes 40960
968 silly shasum updated bytes 40960
969 silly shasum updated bytes 40960
970 silly shasum updated bytes 40960
971 silly shasum updated bytes 40960
972 silly shasum updated bytes 40960
973 silly shasum updated bytes 40960
974 silly shasum updated bytes 40960
975 silly shasum updated bytes 40960
976 silly shasum updated bytes 40960
977 silly shasum updated bytes 40960
978 silly shasum updated bytes 40960
979 silly shasum updated bytes 40960
980 silly shasum updated bytes 40960
981 silly shasum updated bytes 40960
982 silly shasum updated bytes 40960
983 silly shasum updated bytes 40960
984 silly shasum updated bytes 37998
985 info shasum 019d62339af3b687d713258dbd26556f78476be3
985 info shasum /Users/appacademy/.npm/node-inspector/0.5.0/package.tgz
986 verbose from cache /Users/appacademy/.npm/node-inspector/0.5.0/package/package.json
987 verbose chmod /Users/appacademy/.npm/node-inspector/0.5.0/package.tgz 644
988 verbose chown /Users/appacademy/.npm/node-inspector/0.5.0/package.tgz [ 501, 20 ]
989 silly lockFile 6b771466-spector-node-inspector-0-5-0-tgz https://registry.npmjs.org/node-inspector/-/node-inspector-0.5.0.tgz
990 silly lockFile 6b771466-spector-node-inspector-0-5-0-tgz https://registry.npmjs.org/node-inspector/-/node-inspector-0.5.0.tgz
991 silly lockFile 92df52c1-node-inspector-0-5-0 node-inspector@0.5.0
992 silly lockFile 92df52c1-node-inspector-0-5-0 node-inspector@0.5.0
993 silly lockFile e68b88da-node-inspector node-inspector@
994 silly lockFile e68b88da-node-inspector node-inspector@
995 silly resolved [ { name: 'node-inspector',
995 silly resolved     version: '0.5.0',
995 silly resolved     description: 'Web Inspector based nodeJS debugger',
995 silly resolved     homepage: 'http://github.com/node-inspector/node-inspector',
995 silly resolved     author: { name: 'Danny Coates', email: 'dannycoates@gmail.com' },
995 silly resolved     keywords: [ 'debug', 'debugger', 'inspector', 'profiler' ],
995 silly resolved     repository:
995 silly resolved      { type: 'git',
995 silly resolved        url: 'http://github.com/node-inspector/node-inspector.git' },
995 silly resolved     engines: { node: '>=0.8.0' },
995 silly resolved     bin: { 'node-inspector': './bin/inspector.js' },
995 silly resolved     dependencies:
995 silly resolved      { 'socket.io': '~0.9.14',
995 silly resolved        express: '~3.4',
995 silly resolved        async: '~0.2.8',
995 silly resolved        glob: '~3.2.1',
995 silly resolved        rc: '~0.3.0',
995 silly resolved        'strong-data-uri': '~0.1.0' },
995 silly resolved     devDependencies: { mocha: 'latest', chai: 'latest' },
995 silly resolved     preferGlobal: true,
995 silly resolved     scripts: { test: 'mocha', lint: './tools/gjslint.sh' },
995 silly resolved     contributors:
995 silly resolved      [ [Object],
995 silly resolved        [Object],
995 silly resolved        [Object],
995 silly resolved        [Object],
995 silly resolved        [Object],
995 silly resolved        [Object],
995 silly resolved        [Object],
995 silly resolved        [Object],
995 silly resolved        [Object],
995 silly resolved        [Object],
995 silly resolved        [Object],
995 silly resolved        [Object],
995 silly resolved        [Object],
995 silly resolved        [Object] ],
995 silly resolved     readme: '# Node Inspector\n\n[![Build Status](https://travis-ci.org/node-inspector/node-inspector.png?branch=master)](https://travis-ci.org/node-inspector/node-inspector)\n[![Dependency Status](https://gemnasium.com/node-inspector/node-inspector.png)](https://gemnasium.com/node-inspector/node-inspector)\n[![NPM version](https://badge.fury.io/js/node-inspector.png)](http://badge.fury.io/js/node-inspector)\n\n\n## Overview\nNode Inspector is a debugger interface for node.js using the\nBlink Developer Tools (former WebKit Web Inspector).\n\n## Features\n\nThe Blink DevTools debugger is a great javascript debugger interface;\nit works just as well for node. Node Inspector supports almost all\nof the debugging features of DevTools.\n\n* Navigate in your source files\n* Set breakpoints (and specify trigger conditions)\n* Break on exceptions\n* Step over, step in, step out, resume (continue)\n* Continue to location\n* Disable/enable all breakpoints\n* Inspect scopes, variables, object properties\n* Hover your mouse over an expression in your source to display its value in\n  a tooltip\n* Edit variables and object properties\n* (etc.)\n\n### Cool stuff\n* Node Inspector uses WebSockets, so no polling for breaks.\n* Remote debugging\n* [Live edit of running code](http://github.com/dannycoates/node-inspector/wiki/LiveEdit),\n  optionally persisting changes back to the file-system.\n* Set breakpoints in files that are not loaded into V8 yet - useful for\n  debugging module loading/initialization.\n* Javascript from top to bottom :)\n* Embeddable in other applications - see [Embedding HOWTO](docs/embedding.md)\n  for more details.\n\n## Known Issues\n\nThis is beta-quality code, so use at your own risk.\n\n* Be careful about viewing the contents of Buffer objects,\n  each byte is displayed as an individual array element;\n  for most Buffers this will take too long to render.\n* While not stopped at a breakpoint the console doesn\'t always\n  behave as you might expect. See issue #146.\n* Profiler is not implemented yet. Have a look at\n  [node-webkit-agent](https://github.com/c4milo/node-webkit-agent)\n  in the meantime.\n* Break on uncaught exceptions does not work because of missing\n  [support in node](https://github.com/joyent/node/pull/5713).\n* Debugging multiple processes (e.g. cluster) is cumbersome.\n\n## Getting Started\n\n### Requirements\n\n* [node.js](http://github.com/ry/node)\n  - version 0.8 or later\n* [npm](http://github.com/isaacs/npm)\n* A Blink-based browser (i.e. Google Chrome)\n\n### Install\n\n* With [npm](http://github.com/isaacs/npm)\n\n        $ npm install -g node-inspector\n\n### Enable debug mode\n\nTo use node-inspector, enable debugging on the node you wish to debug.\nYou can either start node with a debug flag like:\n\n    $ node --debug your/node/program.js\n\nor, to pause your script on the first line:\n\n    $ node --debug-brk your/short/node/script.js\n\nOr you can enable debugging on a node that is already running by sending\nit a signal:\n\n1. Get the PID of the node process using your favorite method.\n`pgrep` or `ps -ef` are good\n\n\t\t$ pgrep -l node\n\t\t2345 node your/node/server.js\n\n2. Send it the USR1 signal\n\n\t\t$ kill -s USR1 2345\n\nGreat! Now you are ready to attach node-inspector\n\n### Debugging\n\n1. start the inspector. I usually put it in the background\n\n\t\t$ node-inspector &\n\n2. open http://127.0.0.1:8080/debug?port=5858 in Chrome\n\n3. you should now see the javascript source from node. If you don\'t, click the scripts tab.\n\n4. select a script and set some breakpoints (far left line numbers)\n\n5. then watch the [screencasts](http://www.youtube.com/view_play_list?p=A5216AC29A41EFA8)\n\nFor more information on getting started see the [wiki](http://github.com/dannycoates/node-inspector/wiki/Getting-Started---from-scratch)\n\nnode-inspector works almost exactly like the web inspector in\nChrome. Here\'s a good [overview](http://code.google.com/chrome/devtools/docs/scripts.html) of the UI\n\n### Inspector options\n\nNode-inspector uses [rc](https://npmjs.org/package/rc)\n[[github]](https://github.com/dominictarr/rc) module to collect options.\n\nPlaces for configuration:\n* command line arguments (parsed by optimist)\n* enviroment variables prefixed with ```node-inspector_```\n* if you passed an option ```--config file``` then from that file\n* a local ```.node-inspectorrc``` or the first found looking in ```./ ../ ../../\n ../../../``` etc.\n* ```$HOME/.node-inspectorrc```\n* ```$HOME/.node-inspector/config```\n* ```$HOME/.config/node-inspector```\n* ```$HOME/.config/node-inspector/config```\n* ```/etc/node-inspectorrc```\n* ```/etc/node-inspector/config```\n* options from ```config.json``` for backward compatibility\n* defaults described in Node Inspector`s [./lib/config.js](lib/config.js).\n\nAll configuration sources that where found will be flattened into one object,\nso that sources earlier in this list override later ones.\n\n\n\nList of predefined options:\n```\n         Option             Default                  Description\n    --help            |                 |   Print information about options\n    --web-port        |      8080       |   Port to host the inspector\n    --web-host        |    127.0.0.1    |   Host to listen on\n    --debug-port      |      5858       |   Port to connect to the debugging app\n    --save-live-edit  |      false      |   Save live edit changes to disk (update the edited files)\n    --hidden          |       []        |   Array of files to hide from the UI\n                      |                 |   Breakpoints in these files will be ignored\n```\n\n## FAQ / WTF\n\n1. My script runs too fast to attach the debugger.\n\n  > use `--debug-brk` to pause the script on the first line\n\n2. I got the ui in a weird state.\n\n  > when in doubt, refresh\n\n3. Can I debug remotely?\n\n  > Yes. node-inspector must be running on the same machine,\n  > but your browser can be anywhere.\n  > Just make sure port 8080 is accessible\n\n4. How to specify list of files to hide?\n\n  > Create a JSON-encoded array, don\'t forget to escape the quote characters\n  > when using a command-line option.\n  >\n  >     $ node-inspector --hidden=\'["node_modules/framework"]\'\n  >\n  > Note that the array items are interpreted as regular expressions.\n\n## Contributing Code\n\nMaking Node Inspector the best debugger for node.js cannot be achieved without\nthe help of the community. The following resources should help you to get\nstarted.\n\n* [Contributing](https://github.com/node-inspector/node-inspector/wiki/Contributing)\n* [Developer\'s Guide](https://github.com/node-inspector/node-inspector/wiki/Developer%27s-Guide)\n* [Easy Picks](https://github.com/node-inspector/node-inspector/issues?direction=asc&labels=Easy+Pick&page=1&sort=updated&state=open)\n\n## Thanks\n\n[Danny Coates](https://github.com/dannycoates) for starting the project\nand maintaining it for several years.\n\n[StrongLoop](http://strongloop.com) for upgrading to the Blink front-end\nand maintaining the project onwards.\n\nAnd of course all developers that contributed patches and features, as listed\nin the [AUTHORS](AUTHORS) file.\n',
995 silly resolved     readmeFilename: 'readme.md',
995 silly resolved     _id: 'node-inspector@0.5.0',
995 silly resolved     dist: { shasum: '019d62339af3b687d713258dbd26556f78476be3' },
995 silly resolved     _from: 'node-inspector@',
995 silly resolved     _resolved: 'https://registry.npmjs.org/node-inspector/-/node-inspector-0.5.0.tgz' } ]
996 info install node-inspector@0.5.0 into /opt/local/lib
997 info installOne node-inspector@0.5.0
998 verbose from cache /Users/appacademy/.npm/node-inspector/0.5.0/package/package.json
999 info /opt/local/lib/node_modules/node-inspector unbuild
1000 verbose read json /opt/local/lib/node_modules/node-inspector/package.json
1001 verbose tar unpack /Users/appacademy/.npm/node-inspector/0.5.0/package.tgz
1002 silly lockFile 3193c124--lib-node-modules-node-inspector /opt/local/lib/node_modules/node-inspector
1003 verbose lock /opt/local/lib/node_modules/node-inspector /Users/appacademy/.npm/3193c124--lib-node-modules-node-inspector.lock
1004 silly lockFile 9020ba23-node-inspector-0-5-0-package-tgz /Users/appacademy/.npm/node-inspector/0.5.0/package.tgz
1005 verbose lock /Users/appacademy/.npm/node-inspector/0.5.0/package.tgz /Users/appacademy/.npm/9020ba23-node-inspector-0-5-0-package-tgz.lock
1006 silly gunzTarPerm modes [ '755', '644' ]
1007 error Error: EACCES, mkdir '/opt/local/lib/node_modules/node-inspector'
1007 error  { [Error: EACCES, mkdir '/opt/local/lib/node_modules/node-inspector']
1007 error   errno: 3,
1007 error   code: 'EACCES',
1007 error   path: '/opt/local/lib/node_modules/node-inspector',
1007 error   fstream_type: 'Directory',
1007 error   fstream_path: '/opt/local/lib/node_modules/node-inspector',
1007 error   fstream_class: 'DirWriter',
1007 error   fstream_stack:
1007 error    [ 'DirWriter._create (/opt/local/lib/node_modules/npm/node_modules/fstream/lib/dir-writer.js:36:23)',
1007 error      '/opt/local/lib/node_modules/npm/node_modules/mkdirp/index.js:37:53',
1007 error      'Object.oncomplete (fs.js:297:15)' ] }
1008 error Please try running this command again as root/Administrator.
1009 error System Darwin 12.4.0
1010 error command "/opt/local/bin/node" "/opt/local/bin/npm" "install" "-g" "node-inspector"
1011 error cwd /Users/appacademy/Desktop/w6d1/callbacks
1012 error node -v v0.8.22
1013 error npm -v 1.2.14
1014 error path /opt/local/lib/node_modules/node-inspector
1015 error fstream_path /opt/local/lib/node_modules/node-inspector
1016 error fstream_type Directory
1017 error fstream_class DirWriter
1018 error code EACCES
1019 error errno 3
1020 error stack Error: EACCES, mkdir '/opt/local/lib/node_modules/node-inspector'
1021 error fstream_stack DirWriter._create (/opt/local/lib/node_modules/npm/node_modules/fstream/lib/dir-writer.js:36:23)
1021 error fstream_stack /opt/local/lib/node_modules/npm/node_modules/mkdirp/index.js:37:53
1021 error fstream_stack Object.oncomplete (fs.js:297:15)
1022 verbose exit [ 3, true ]
